


ARM Macro Assembler    Page 1 


    1 00000000         ;ARM1.s Source code for my first program on the ARM Cort
                       ex M3
    2 00000000         ;Function Modify some registers so we can observe the re
                       sults in the debugger
    3 00000000         ;Author - Dave Duguid
    4 00000000         ;Modified August 2012 Trevor Douglas
    5 00000000         ; Directives
    6 00000000                 PRESERVE8
    7 00000000                 THUMB
    8 00000000         
    9 00000000         ; Vector Table Mapped to Address 0 at Reset, Linker requ
                       ires __Vectors to be exported
   10 00000000                 AREA             RESET, DATA, READONLY
   11 00000000                 EXPORT           __Vectors
   12 00000000         
   13 00000000         
   14 00000000 20002000 
                       __Vectors
                               DCD              0x20002000  ; stack pointer val
                                                            ue when stack is em
                                                            pty
   15 00000004 00000000        DCD              Reset_Handler ; reset vector
   16 00000008         
   17 00000008                 ALIGN
   18 00000008         
   19 00000008         
   20 00000008         ;My program, Linker requires Reset_Handler and it must b
                       e exported
   21 00000008                 AREA             MYCODE, CODE, READONLY
   22 00000000                 ENTRY
   23 00000000         
   24 00000000                 EXPORT           Reset_Handler
   25 00000000         
   26 00000000         
   27 00000000         Reset_Handler                        ;We only have one l
                                                            ine of actual appli
                                                            cation code
   28 00000000         
   29 00000000         
   30 00000000 F04F 0076       MOV              R0, #0x76   ; Move the 8 bit He
                                                            x number 76
   31 00000004         
   32 00000004         
   33 00000004         
   34 00000004                 ALIGN
   35 00000004         
   36 00000004                 END
Command Line: --debug --xref --diag_suppress=9931 --cpu=Cortex-M3 --apcs=interw
ork --depend=.\objects\lab1.d -o.\objects\lab1.o -I.\RTE\_Target_1 -IC:\Keil_v5
\ARM\PACK\Keil\STM32F1xx_DFP\2.3.0\Device\Include -IC:\Keil_v5\ARM\CMSIS\Includ
e --predefine="__EVAL SETA 1" --predefine="__UVISION_VERSION SETA 525" --predef
ine="STM32F10X_MD_VL SETA 1" --list=.\listings\lab1.lst lab1.s



ARM Macro Assembler    Page 1 Alphabetic symbol ordering
Relocatable symbols

RESET 00000000

Symbol: RESET
   Definitions
      At line 10 in file lab1.s
   Uses
      None
Comment: RESET unused
__Vectors 00000000

Symbol: __Vectors
   Definitions
      At line 14 in file lab1.s
   Uses
      At line 11 in file lab1.s
Comment: __Vectors used once
2 symbols



ARM Macro Assembler    Page 1 Alphabetic symbol ordering
Relocatable symbols

MYCODE 00000000

Symbol: MYCODE
   Definitions
      At line 21 in file lab1.s
   Uses
      None
Comment: MYCODE unused
Reset_Handler 00000000

Symbol: Reset_Handler
   Definitions
      At line 27 in file lab1.s
   Uses
      At line 15 in file lab1.s
      At line 24 in file lab1.s

2 symbols
337 symbols in table
