


ARM Macro Assembler    Page 1 


    1 00000000         ;First Program 
    2 00000000         ;Jonathan Vargas
    3 00000000         ;200389468
    4 00000000         ;Sep. 23, 2019
    5 00000000         ; Directives
    6 00000000                 PRESERVE8
    7 00000000                 THUMB
    8 00000000         
    9 00000000         ; Vector Table Mapped to Address 0 at Reset, Linker requ
                       ires __Vectors to be exported
   10 00000000                 AREA             RESET, DATA, READONLY
   11 00000000                 EXPORT           __Vectors
   12 00000000         
   13 00000000         
   14 00000000 20002000 
                       __Vectors
                               DCD              0x20002000  ; stack pointer val
                                                            ue when stack is em
                                                            pty
   15 00000004 00000000        DCD              Reset_Handler ; reset vector
   16 00000008         
   17 00000008                 ALIGN
   18 00000008         
   19 00000008         
   20 00000008         ;My program, Linker requires Reset_Handler and it must b
                       e exported
   21 00000008                 AREA             MYCODE, CODE, READONLY
   22 00000000                 ENTRY
   23 00000000         
   24 00000000                 EXPORT           Reset_Handler
   25 00000000         
   26 00000000         
   27 00000000         Reset_Handler                        ;
   28 00000000         
   29 00000000         
   30 00000000 F04F 0001       MOV              R0, #0x00000001 ; RY
   31 00000004 F04F 0102       MOV              R1, #0x00000002 ; RZ
   32 00000008 EB00 0201       ADD              R2,R0,R1    ;RX = R2
   33 0000000C         
   34 0000000C F04F 31FF       MOV              R1, #0xFFFFFFFF ;
   35 00000010 1842            ADDS             R2,R0,R1    ;
   36 00000012         
   37 00000012 B407            PUSH             {R2,R0,R1}  ;
   38 00000014         
   39 00000014 F04F 0002       MOV              R0, #0x2    ; RY
   40 00000018 1842            ADDS             R2,R0,R1    ;
   41 0000001A         
   42 0000001A F06F 4000       MOV              R0, #0x7FFFFFFF ;
   43 0000001E F06F 4100       MOV              R1, #0x7FFFFFFF ;
   44 00000022 1842            ADDS             R2,R0,R1    ;
   45 00000024         
   46 00000024 E7FE            B                Reset_Handler ;
   47 00000026         
   48 00000026         
   49 00000026         
   50 00000026 00 00           ALIGN
   51 00000028         
   52 00000028                 END
Command Line: --debug --xref --diag_suppress=9931 --cpu=Cortex-M3 --apcs=interw



ARM Macro Assembler    Page 2 


ork --depend=.\objects\lab1a1.d -o.\objects\lab1a1.o -I.\RTE\_Target_1 -IC:\Kei
l_v5\ARM\PACK\Keil\STM32F1xx_DFP\2.3.0\Device\Include -IC:\Keil_v5\ARM\CMSIS\In
clude --predefine="__EVAL SETA 1" --predefine="__UVISION_VERSION SETA 525" --pr
edefine="STM32F10X_MD_VL SETA 1" --list=.\listings\lab1a1.lst Lab1A1.s



ARM Macro Assembler    Page 1 Alphabetic symbol ordering
Relocatable symbols

RESET 00000000

Symbol: RESET
   Definitions
      At line 10 in file Lab1A1.s
   Uses
      None
Comment: RESET unused
__Vectors 00000000

Symbol: __Vectors
   Definitions
      At line 14 in file Lab1A1.s
   Uses
      At line 11 in file Lab1A1.s
Comment: __Vectors used once
2 symbols



ARM Macro Assembler    Page 1 Alphabetic symbol ordering
Relocatable symbols

MYCODE 00000000

Symbol: MYCODE
   Definitions
      At line 21 in file Lab1A1.s
   Uses
      None
Comment: MYCODE unused
Reset_Handler 00000000

Symbol: Reset_Handler
   Definitions
      At line 27 in file Lab1A1.s
   Uses
      At line 15 in file Lab1A1.s
      At line 24 in file Lab1A1.s
      At line 46 in file Lab1A1.s

2 symbols
337 symbols in table
